# JRE version: OpenJDK Runtime Environment (8.0_312-b07) (build 1.8.0_312-b07)
# Java VM: OpenJDK 64-Bit Server VM (25.312-b07 mixed mode windows-amd64 compressed oops)
Heap:
 PSYoungGen      total 304128K, used 247160K [0x00000000d5580000, 0x00000000e8d80000, 0x0000000100000000)
  eden space 293888K, 83% used [0x00000000d5580000,0x00000000e465a290,0x00000000e7480000)
  from space 10240K, 5% used [0x00000000e8380000,0x00000000e8404010,0x00000000e8d80000)
  to   space 12800K, 0% used [0x00000000e7480000,0x00000000e7480000,0x00000000e8100000)
 ParOldGen       total 75264K, used 23078K [0x0000000080000000, 0x0000000084980000, 0x00000000d5580000)
  object space 75264K, 30% used [0x0000000080000000,0x00000000816898d0,0x0000000084980000)
 Metaspace       used 39352K, capacity 41082K, committed 41304K, reserved 1085440K
  class space    used 5622K, capacity 5998K, committed 6016K, reserved 1048576K
GC Heap History (10 events):
Event: 15.422 GC heap before
{Heap before GC invocations=12 (full 2):
 PSYoungGen      total 137216K, used 128000K [0x00000000d5580000, 0x00000000e2000000, 0x0000000100000000)
  eden space 128000K, 100% used [0x00000000d5580000,0x00000000dd280000,0x00000000dd280000)
  from space 9216K, 0% used [0x00000000dd280000,0x00000000dd280000,0x00000000ddb80000)
  to   space 11264K, 0% used [0x00000000e1500000,0x00000000e1500000,0x00000000e2000000)
 ParOldGen       total 75264K, used 18954K [0x0000000080000000, 0x0000000084980000, 0x00000000d5580000)
  object space 75264K, 25% used [0x0000000080000000,0x0000000081282ab8,0x0000000084980000)
 Metaspace       used 39038K, capacity 40826K, committed 41048K, reserved 1085440K
  class space    used 5620K, capacity 5998K, committed 6016K, reserved 1048576K
Event: 15.429 GC heap after
Heap after GC invocations=12 (full 2):
 PSYoungGen      total 178688K, used 7641K [0x00000000d5580000, 0x00000000e1c80000, 0x0000000100000000)
  eden space 171008K, 0% used [0x00000000d5580000,0x00000000d5580000,0x00000000dfc80000)
  from space 7680K, 99% used [0x00000000e1500000,0x00000000e1c76538,0x00000000e1c80000)
  to   space 11264K, 0% used [0x00000000e0680000,0x00000000e0680000,0x00000000e1180000)
 ParOldGen       total 75264K, used 18962K [0x0000000080000000, 0x0000000084980000, 0x00000000d5580000)
  object space 75264K, 25% used [0x0000000080000000,0x0000000081284ab8,0x0000000084980000)
 Metaspace       used 39038K, capacity 40826K, committed 41048K, reserved 1085440K
  class space    used 5620K, capacity 5998K, committed 6016K, reserved 1048576K
}
Event: 15.778 GC heap before
{Heap before GC invocations=13 (full 2):
 PSYoungGen      total 178688K, used 178649K [0x00000000d5580000, 0x00000000e1c80000, 0x0000000100000000)
  eden space 171008K, 100% used [0x00000000d5580000,0x00000000dfc80000,0x00000000dfc80000)
  from space 7680K, 99% used [0x00000000e1500000,0x00000000e1c76538,0x00000000e1c80000)
  to   space 11264K, 0% used [0x00000000e0680000,0x00000000e0680000,0x00000000e1180000)
 ParOldGen       total 75264K, used 18962K [0x0000000080000000, 0x0000000084980000, 0x00000000d5580000)
  object space 75264K, 25% used [0x0000000080000000,0x0000000081284ae8,0x0000000084980000)
 Metaspace       used 39275K, capacity 41018K, committed 41048K, reserved 1085440K
  class space    used 5620K, capacity 5998K, committed 6016K, reserved 1048576K
Event: 15.783 GC heap after
Heap after GC invocations=13 (full 2):
 PSYoungGen      total 192512K, used 447K [0x00000000d5580000, 0x00000000e4c80000, 0x0000000100000000)
  eden space 181248K, 0% used [0x00000000d5580000,0x00000000d5580000,0x00000000e0680000)
  from space 11264K, 3% used [0x00000000e0680000,0x00000000e06efef0,0x00000000e1180000)
  to   space 11776K, 0% used [0x00000000e4100000,0x00000000e4100000,0x00000000e4c80000)
 ParOldGen       total 75264K, used 22494K [0x0000000080000000, 0x0000000084980000, 0x00000000d5580000)
  object space 75264K, 29% used [0x0000000080000000,0x00000000815f7b68,0x0000000084980000)
 Metaspace       used 39275K, capacity 41018K, committed 41048K, reserved 1085440K
  class space    used 5620K, capacity 5998K, committed 6016K, reserved 1048576K
}
Event: 16.007 GC heap before
{Heap before GC invocations=14 (full 2):
 PSYoungGen      total 192512K, used 181695K [0x00000000d5580000, 0x00000000e4c80000, 0x0000000100000000)
  eden space 181248K, 100% used [0x00000000d5580000,0x00000000e0680000,0x00000000e0680000)
  from space 11264K, 3% used [0x00000000e0680000,0x00000000e06efef0,0x00000000e1180000)
  to   space 11776K, 0% used [0x00000000e4100000,0x00000000e4100000,0x00000000e4c80000)
 ParOldGen       total 75264K, used 22503K [0x0000000080000000, 0x0000000084980000, 0x00000000d5580000)
  object space 75264K, 29% used [0x0000000080000000,0x00000000815f9e78,0x0000000084980000)
 Metaspace       used 39315K, capacity 41018K, committed 41048K, reserved 1085440K
  class space    used 5620K, capacity 5998K, committed 6016K, reserved 1048576K
Event: 16.009 GC heap after
Heap after GC invocations=14 (full 2):
 PSYoungGen      total 240640K, used 293K [0x00000000d5580000, 0x00000000e5780000, 0x0000000100000000)
  eden space 228864K, 0% used [0x00000000d5580000,0x00000000d5580000,0x00000000e3500000)
  from space 11776K, 2% used [0x00000000e4100000,0x00000000e41494d0,0x00000000e4c80000)
  to   space 12288K, 0% used [0x00000000e3500000,0x00000000e3500000,0x00000000e4100000)
 ParOldGen       total 75264K, used 22703K [0x0000000080000000, 0x0000000084980000, 0x00000000d5580000)
  object space 75264K, 30% used [0x0000000080000000,0x000000008162be78,0x0000000084980000)
 Metaspace       used 39315K, capacity 41018K, committed 41048K, reserved 1085440K
  class space    used 5620K, capacity 5998K, committed 6016K, reserved 1048576K
}
Event: 16.391 GC heap before
{Heap before GC invocations=15 (full 2):
 PSYoungGen      total 240640K, used 229157K [0x00000000d5580000, 0x00000000e5780000, 0x0000000100000000)
  eden space 228864K, 100% used [0x00000000d5580000,0x00000000e3500000,0x00000000e3500000)
  from space 11776K, 2% used [0x00000000e4100000,0x00000000e41494d0,0x00000000e4c80000)
  to   space 12288K, 0% used [0x00000000e3500000,0x00000000e3500000,0x00000000e4100000)
 ParOldGen       total 75264K, used 22711K [0x0000000080000000, 0x0000000084980000, 0x00000000d5580000)
  object space 75264K, 30% used [0x0000000080000000,0x000000008162ddb8,0x0000000084980000)
 Metaspace       used 39337K, capacity 41082K, committed 41304K, reserved 1085440K
  class space    used 5621K, capacity 5998K, committed 6016K, reserved 1048576K
Event: 16.393 GC heap after
Heap after GC invocations=15 (full 2):
 PSYoungGen      total 241152K, used 480K [0x00000000d5580000, 0x00000000e9000000, 0x0000000100000000)
  eden space 228864K, 0% used [0x00000000d5580000,0x00000000d5580000,0x00000000e3500000)
  from space 12288K, 3% used [0x00000000e3500000,0x00000000e3578000,0x00000000e4100000)
  to   space 12800K, 0% used [0x00000000e8380000,0x00000000e8380000,0x00000000e9000000)
 ParOldGen       total 75264K, used 22775K [0x0000000080000000, 0x0000000084980000, 0x00000000d5580000)
  object space 75264K, 30% used [0x0000000080000000,0x000000008163ddb8,0x0000000084980000)
 Metaspace       used 39337K, capacity 41082K, committed 41304K, reserved 1085440K
  class space    used 5621K, capacity 5998K, committed 6016K, reserved 1048576K
}
Event: 16.698 GC heap before
{Heap before GC invocations=16 (full 2):
 PSYoungGen      total 241152K, used 229344K [0x00000000d5580000, 0x00000000e9000000, 0x0000000100000000)
  eden space 228864K, 100% used [0x00000000d5580000,0x00000000e3500000,0x00000000e3500000)
  from space 12288K, 3% used [0x00000000e3500000,0x00000000e3578000,0x00000000e4100000)
  to   space 12800K, 0% used [0x00000000e8380000,0x00000000e8380000,0x00000000e9000000)
 ParOldGen       total 75264K, used 22782K [0x0000000080000000, 0x0000000084980000, 0x00000000d5580000)
  object space 75264K, 30% used [0x0000000080000000,0x000000008163f8d0,0x0000000084980000)
 Metaspace       used 39343K, capacity 41082K, committed 41304K, reserved 1085440K
  class space    used 5621K, capacity 5998K, committed 6016K, reserved 1048576K
Event: 16.700 GC heap after
Heap after GC invocations=16 (full 2):
 PSYoungGen      total 304128K, used 528K [0x00000000d5580000, 0x00000000e8d80000, 0x0000000100000000)
  eden space 293888K, 0% used [0x00000000d5580000,0x00000000d5580000,0x00000000e7480000)
  from space 10240K, 5% used [0x00000000e8380000,0x00000000e8404010,0x00000000e8d80000)
  to   space 12800K, 0% used [0x00000000e7480000,0x00000000e7480000,0x00000000e8100000)
 ParOldGen       total 75264K, used 23078K [0x0000000080000000, 0x0000000084980000, 0x00000000d5580000)
  object space 75264K, 30% used [0x0000000080000000,0x00000000816898d0,0x0000000084980000)
 Metaspace       used 39343K, capacity 41082K, committed 41304K, reserved 1085440K
  class space    used 5621K, capacity 5998K, committed 6016K, reserved 1048576K
}

