# JRE version: OpenJDK Runtime Environment (8.0_312-b07) (build 1.8.0_312-b07)
# Java VM: OpenJDK 64-Bit Server VM (25.312-b07 mixed mode windows-amd64 compressed oops)
Heap:
 PSYoungGen      total 676352K, used 556429K [0x00000000d5580000, 0x00000000ffd80000, 0x0000000100000000)
  eden space 656384K, 82% used [0x00000000d5580000,0x00000000f66f36d8,0x00000000fd680000)
  from space 19968K, 71% used [0x00000000fd680000,0x00000000fe470020,0x00000000fea00000)
  to   space 19968K, 0% used [0x00000000fea00000,0x00000000fea00000,0x00000000ffd80000)
 ParOldGen       total 91136K, used 57338K [0x0000000080000000, 0x0000000085900000, 0x00000000d5580000)
  object space 91136K, 62% used [0x0000000080000000,0x00000000837febc8,0x0000000085900000)
 Metaspace       used 40122K, capacity 42048K, committed 42200K, reserved 1085440K
  class space    used 5715K, capacity 6106K, committed 6144K, reserved 1048576K
GC Heap History (10 events):
Event: 35.222 GC heap before
{Heap before GC invocations=67 (full 2):
 PSYoungGen      total 675840K, used 668864K [0x00000000d5580000, 0x0000000100000000, 0x0000000100000000)
  eden space 652800K, 100% used [0x00000000d5580000,0x00000000fd300000,0x00000000fd300000)
  from space 23040K, 69% used [0x00000000fe980000,0x00000000ff930020,0x0000000100000000)
  to   space 23040K, 0% used [0x00000000fd300000,0x00000000fd300000,0x00000000fe980000)
 ParOldGen       total 91136K, used 48786K [0x0000000080000000, 0x0000000085900000, 0x00000000d5580000)
  object space 91136K, 53% used [0x0000000080000000,0x0000000082fa4bc8,0x0000000085900000)
 Metaspace       used 40117K, capacity 42048K, committed 42200K, reserved 1085440K
  class space    used 5714K, capacity 6106K, committed 6144K, reserved 1048576K
Event: 35.234 GC heap after
Heap after GC invocations=67 (full 2):
 PSYoungGen      total 667648K, used 14592K [0x00000000d5580000, 0x00000000ffe00000, 0x0000000100000000)
  eden space 652800K, 0% used [0x00000000d5580000,0x00000000d5580000,0x00000000fd300000)
  from space 14848K, 98% used [0x00000000fd300000,0x00000000fe140020,0x00000000fe180000)
  to   space 22016K, 0% used [0x00000000fe880000,0x00000000fe880000,0x00000000ffe00000)
 ParOldGen       total 91136K, used 51554K [0x0000000080000000, 0x0000000085900000, 0x00000000d5580000)
  object space 91136K, 56% used [0x0000000080000000,0x0000000083258bc8,0x0000000085900000)
 Metaspace       used 40117K, capacity 42048K, committed 42200K, reserved 1085440K
  class space    used 5714K, capacity 6106K, committed 6144K, reserved 1048576K
}
Event: 36.407 GC heap before
{Heap before GC invocations=68 (full 2):
 PSYoungGen      total 667648K, used 667392K [0x00000000d5580000, 0x00000000ffe00000, 0x0000000100000000)
  eden space 652800K, 100% used [0x00000000d5580000,0x00000000fd300000,0x00000000fd300000)
  from space 14848K, 98% used [0x00000000fd300000,0x00000000fe140020,0x00000000fe180000)
  to   space 22016K, 0% used [0x00000000fe880000,0x00000000fe880000,0x00000000ffe00000)
 ParOldGen       total 91136K, used 51554K [0x0000000080000000, 0x0000000085900000, 0x00000000d5580000)
  object space 91136K, 56% used [0x0000000080000000,0x0000000083258bc8,0x0000000085900000)
 Metaspace       used 40117K, capacity 42048K, committed 42200K, reserved 1085440K
  class space    used 5714K, capacity 6106K, committed 6144K, reserved 1048576K
Event: 36.423 GC heap after
Heap after GC invocations=68 (full 2):
 PSYoungGen      total 675328K, used 14016K [0x00000000d5580000, 0x0000000100000000, 0x0000000100000000)
  eden space 653312K, 0% used [0x00000000d5580000,0x00000000d5580000,0x00000000fd380000)
  from space 22016K, 63% used [0x00000000fe880000,0x00000000ff630020,0x00000000ffe00000)
  to   space 21504K, 0% used [0x00000000fd380000,0x00000000fd380000,0x00000000fe880000)
 ParOldGen       total 91136K, used 53242K [0x0000000080000000, 0x0000000085900000, 0x00000000d5580000)
  object space 91136K, 58% used [0x0000000080000000,0x00000000833febc8,0x0000000085900000)
 Metaspace       used 40117K, capacity 42048K, committed 42200K, reserved 1085440K
  class space    used 5714K, capacity 6106K, committed 6144K, reserved 1048576K
}
Event: 37.252 GC heap before
{Heap before GC invocations=69 (full 2):
 PSYoungGen      total 675328K, used 667328K [0x00000000d5580000, 0x0000000100000000, 0x0000000100000000)
  eden space 653312K, 100% used [0x00000000d5580000,0x00000000fd380000,0x00000000fd380000)
  from space 22016K, 63% used [0x00000000fe880000,0x00000000ff630020,0x00000000ffe00000)
  to   space 21504K, 0% used [0x00000000fd380000,0x00000000fd380000,0x00000000fe880000)
 ParOldGen       total 91136K, used 53242K [0x0000000080000000, 0x0000000085900000, 0x00000000d5580000)
  object space 91136K, 58% used [0x0000000080000000,0x00000000833febc8,0x0000000085900000)
 Metaspace       used 40117K, capacity 42048K, committed 42200K, reserved 1085440K
  class space    used 5714K, capacity 6106K, committed 6144K, reserved 1048576K
Event: 37.263 GC heap after
Heap after GC invocations=69 (full 2):
 PSYoungGen      total 674816K, used 14240K [0x00000000d5580000, 0x00000000ffe80000, 0x0000000100000000)
  eden space 653312K, 0% used [0x00000000d5580000,0x00000000d5580000,0x00000000fd380000)
  from space 21504K, 66% used [0x00000000fd380000,0x00000000fe168020,0x00000000fe880000)
  to   space 20992K, 0% used [0x00000000fea00000,0x00000000fea00000,0x00000000ffe80000)
 ParOldGen       total 91136K, used 54586K [0x0000000080000000, 0x0000000085900000, 0x00000000d5580000)
  object space 91136K, 59% used [0x0000000080000000,0x000000008354ebc8,0x0000000085900000)
 Metaspace       used 40117K, capacity 42048K, committed 42200K, reserved 1085440K
  class space    used 5714K, capacity 6106K, committed 6144K, reserved 1048576K
}
Event: 37.766 GC heap before
{Heap before GC invocations=70 (full 2):
 PSYoungGen      total 674816K, used 667552K [0x00000000d5580000, 0x00000000ffe80000, 0x0000000100000000)
  eden space 653312K, 100% used [0x00000000d5580000,0x00000000fd380000,0x00000000fd380000)
  from space 21504K, 66% used [0x00000000fd380000,0x00000000fe168020,0x00000000fe880000)
  to   space 20992K, 0% used [0x00000000fea00000,0x00000000fea00000,0x00000000ffe80000)
 ParOldGen       total 91136K, used 54586K [0x0000000080000000, 0x0000000085900000, 0x00000000d5580000)
  object space 91136K, 59% used [0x0000000080000000,0x000000008354ebc8,0x0000000085900000)
 Metaspace       used 40117K, capacity 42048K, committed 42200K, reserved 1085440K
  class space    used 5714K, capacity 6106K, committed 6144K, reserved 1048576K
Event: 37.777 GC heap after
Heap after GC invocations=70 (full 2):
 PSYoungGen      total 676352K, used 14009K [0x00000000d5580000, 0x00000000ffd80000, 0x0000000100000000)
  eden space 656384K, 0% used [0x00000000d5580000,0x00000000d5580000,0x00000000fd680000)
  from space 19968K, 70% used [0x00000000fea00000,0x00000000ff7ae4e8,0x00000000ffd80000)
  to   space 19968K, 0% used [0x00000000fd680000,0x00000000fd680000,0x00000000fea00000)
 ParOldGen       total 91136K, used 56194K [0x0000000080000000, 0x0000000085900000, 0x00000000d5580000)
  object space 91136K, 61% used [0x0000000080000000,0x00000000836e0bc8,0x0000000085900000)
 Metaspace       used 40117K, capacity 42048K, committed 42200K, reserved 1085440K
  class space    used 5714K, capacity 6106K, committed 6144K, reserved 1048576K
}
Event: 38.316 GC heap before
{Heap before GC invocations=71 (full 2):
 PSYoungGen      total 676352K, used 670393K [0x00000000d5580000, 0x00000000ffd80000, 0x0000000100000000)
  eden space 656384K, 100% used [0x00000000d5580000,0x00000000fd680000,0x00000000fd680000)
  from space 19968K, 70% used [0x00000000fea00000,0x00000000ff7ae4e8,0x00000000ffd80000)
  to   space 19968K, 0% used [0x00000000fd680000,0x00000000fd680000,0x00000000fea00000)
 ParOldGen       total 91136K, used 56194K [0x0000000080000000, 0x0000000085900000, 0x00000000d5580000)
  object space 91136K, 61% used [0x0000000080000000,0x00000000836e0bc8,0x0000000085900000)
 Metaspace       used 40117K, capacity 42048K, committed 42200K, reserved 1085440K
  class space    used 5714K, capacity 6106K, committed 6144K, reserved 1048576K
Event: 38.327 GC heap after
Heap after GC invocations=71 (full 2):
 PSYoungGen      total 676352K, used 14272K [0x00000000d5580000, 0x00000000ffd80000, 0x0000000100000000)
  eden space 656384K, 0% used [0x00000000d5580000,0x00000000d5580000,0x00000000fd680000)
  from space 19968K, 71% used [0x00000000fd680000,0x00000000fe470020,0x00000000fea00000)
  to   space 19968K, 0% used [0x00000000fea00000,0x00000000fea00000,0x00000000ffd80000)
 ParOldGen       total 91136K, used 57338K [0x0000000080000000, 0x0000000085900000, 0x00000000d5580000)
  object space 91136K, 62% used [0x0000000080000000,0x00000000837febc8,0x0000000085900000)
 Metaspace       used 40117K, capacity 42048K, committed 42200K, reserved 1085440K
  class space    used 5714K, capacity 6106K, committed 6144K, reserved 1048576K
}

