# JRE version: OpenJDK Runtime Environment (8.0_312-b07) (build 1.8.0_312-b07)
# Java VM: OpenJDK 64-Bit Server VM (25.312-b07 mixed mode windows-amd64 compressed oops)
Heap:
 PSYoungGen      total 332288K, used 20452K [0x00000000d5580000, 0x00000000ef080000, 0x0000000100000000)
  eden space 317952K, 5% used [0x00000000d5580000,0x00000000d66e92f0,0x00000000e8c00000)
  from space 14336K, 18% used [0x00000000e9980000,0x00000000e9c10010,0x00000000ea780000)
  to   space 13824K, 0% used [0x00000000e8c00000,0x00000000e8c00000,0x00000000e9980000)
 ParOldGen       total 90112K, used 15618K [0x0000000080000000, 0x0000000085800000, 0x00000000d5580000)
  object space 90112K, 17% used [0x0000000080000000,0x0000000080f40be8,0x0000000085800000)
 Metaspace       used 34756K, capacity 36307K, committed 36568K, reserved 1081344K
  class space    used 4930K, capacity 5303K, committed 5376K, reserved 1048576K
GC Heap History (10 events):
Event: 8.167 GC heap before
{Heap before GC invocations=12 (full 2):
 PSYoungGen      total 218112K, used 206423K [0x00000000d5580000, 0x00000000e6e80000, 0x0000000100000000)
  eden space 204288K, 100% used [0x00000000d5580000,0x00000000e1d00000,0x00000000e1d00000)
  from space 13824K, 15% used [0x00000000e1d00000,0x00000000e1f15c18,0x00000000e2a80000)
  to   space 14336K, 0% used [0x00000000e6080000,0x00000000e6080000,0x00000000e6e80000)
 ParOldGen       total 90112K, used 15610K [0x0000000080000000, 0x0000000085800000, 0x00000000d5580000)
  object space 90112K, 17% used [0x0000000080000000,0x0000000080f3ebe8,0x0000000085800000)
 Metaspace       used 34748K, capacity 36307K, committed 36568K, reserved 1081344K
  class space    used 4930K, capacity 5303K, committed 5376K, reserved 1048576K
Event: 8.170 GC heap after
Heap after GC invocations=12 (full 2):
 PSYoungGen      total 267264K, used 1216K [0x00000000d5580000, 0x00000000e6b80000, 0x0000000100000000)
  eden space 256000K, 0% used [0x00000000d5580000,0x00000000d5580000,0x00000000e4f80000)
  from space 11264K, 10% used [0x00000000e6080000,0x00000000e61b0000,0x00000000e6b80000)
  to   space 14336K, 0% used [0x00000000e4f80000,0x00000000e4f80000,0x00000000e5d80000)
 ParOldGen       total 90112K, used 15610K [0x0000000080000000, 0x0000000085800000, 0x00000000d5580000)
  object space 90112K, 17% used [0x0000000080000000,0x0000000080f3ebe8,0x0000000085800000)
 Metaspace       used 34748K, capacity 36307K, committed 36568K, reserved 1081344K
  class space    used 4930K, capacity 5303K, committed 5376K, reserved 1048576K
}
Event: 8.521 GC heap before
{Heap before GC invocations=13 (full 2):
 PSYoungGen      total 267264K, used 257216K [0x00000000d5580000, 0x00000000e6b80000, 0x0000000100000000)
  eden space 256000K, 100% used [0x00000000d5580000,0x00000000e4f80000,0x00000000e4f80000)
  from space 11264K, 10% used [0x00000000e6080000,0x00000000e61b0000,0x00000000e6b80000)
  to   space 14336K, 0% used [0x00000000e4f80000,0x00000000e4f80000,0x00000000e5d80000)
 ParOldGen       total 90112K, used 15610K [0x0000000080000000, 0x0000000085800000, 0x00000000d5580000)
  object space 90112K, 17% used [0x0000000080000000,0x0000000080f3ebe8,0x0000000085800000)
 Metaspace       used 34753K, capacity 36307K, committed 36568K, reserved 1081344K
  class space    used 4930K, capacity 5303K, committed 5376K, reserved 1048576K
Event: 8.525 GC heap after
Heap after GC invocations=13 (full 2):
 PSYoungGen      total 270336K, used 1616K [0x00000000d5580000, 0x00000000ea780000, 0x0000000100000000)
  eden space 256000K, 0% used [0x00000000d5580000,0x00000000d5580000,0x00000000e4f80000)
  from space 14336K, 11% used [0x00000000e4f80000,0x00000000e5114010,0x00000000e5d80000)
  to   space 14336K, 0% used [0x00000000e9980000,0x00000000e9980000,0x00000000ea780000)
 ParOldGen       total 90112K, used 15610K [0x0000000080000000, 0x0000000085800000, 0x00000000d5580000)
  object space 90112K, 17% used [0x0000000080000000,0x0000000080f3ebe8,0x0000000085800000)
 Metaspace       used 34753K, capacity 36307K, committed 36568K, reserved 1081344K
  class space    used 4930K, capacity 5303K, committed 5376K, reserved 1048576K
}
Event: 8.962 GC heap before
{Heap before GC invocations=14 (full 2):
 PSYoungGen      total 270336K, used 257616K [0x00000000d5580000, 0x00000000ea780000, 0x0000000100000000)
  eden space 256000K, 100% used [0x00000000d5580000,0x00000000e4f80000,0x00000000e4f80000)
  from space 14336K, 11% used [0x00000000e4f80000,0x00000000e5114010,0x00000000e5d80000)
  to   space 14336K, 0% used [0x00000000e9980000,0x00000000e9980000,0x00000000ea780000)
 ParOldGen       total 90112K, used 15610K [0x0000000080000000, 0x0000000085800000, 0x00000000d5580000)
  object space 90112K, 17% used [0x0000000080000000,0x0000000080f3ebe8,0x0000000085800000)
 Metaspace       used 34754K, capacity 36307K, committed 36568K, reserved 1081344K
  class space    used 4930K, capacity 5303K, committed 5376K, reserved 1048576K
Event: 8.972 GC heap after
Heap after GC invocations=14 (full 2):
 PSYoungGen      total 331776K, used 2024K [0x00000000d5580000, 0x00000000ead00000, 0x0000000100000000)
  eden space 317440K, 0% used [0x00000000d5580000,0x00000000d5580000,0x00000000e8b80000)
  from space 14336K, 14% used [0x00000000e9980000,0x00000000e9b7a060,0x00000000ea780000)
  to   space 14336K, 0% used [0x00000000e8b80000,0x00000000e8b80000,0x00000000e9980000)
 ParOldGen       total 90112K, used 15610K [0x0000000080000000, 0x0000000085800000, 0x00000000d5580000)
  object space 90112K, 17% used [0x0000000080000000,0x0000000080f3ebe8,0x0000000085800000)
 Metaspace       used 34754K, capacity 36307K, committed 36568K, reserved 1081344K
  class space    used 4930K, capacity 5303K, committed 5376K, reserved 1048576K
}
Event: 9.705 GC heap before
{Heap before GC invocations=15 (full 2):
 PSYoungGen      total 331776K, used 319464K [0x00000000d5580000, 0x00000000ead00000, 0x0000000100000000)
  eden space 317440K, 100% used [0x00000000d5580000,0x00000000e8b80000,0x00000000e8b80000)
  from space 14336K, 14% used [0x00000000e9980000,0x00000000e9b7a060,0x00000000ea780000)
  to   space 14336K, 0% used [0x00000000e8b80000,0x00000000e8b80000,0x00000000e9980000)
 ParOldGen       total 90112K, used 15610K [0x0000000080000000, 0x0000000085800000, 0x00000000d5580000)
  object space 90112K, 17% used [0x0000000080000000,0x0000000080f3ebe8,0x0000000085800000)
 Metaspace       used 34755K, capacity 36307K, committed 36568K, reserved 1081344K
  class space    used 4930K, capacity 5303K, committed 5376K, reserved 1048576K
Event: 9.716 GC heap after
Heap after GC invocations=15 (full 2):
 PSYoungGen      total 331776K, used 2240K [0x00000000d5580000, 0x00000000ead00000, 0x0000000100000000)
  eden space 317440K, 0% used [0x00000000d5580000,0x00000000d5580000,0x00000000e8b80000)
  from space 14336K, 15% used [0x00000000e8b80000,0x00000000e8db0010,0x00000000e9980000)
  to   space 14336K, 0% used [0x00000000e9980000,0x00000000e9980000,0x00000000ea780000)
 ParOldGen       total 90112K, used 15618K [0x0000000080000000, 0x0000000085800000, 0x00000000d5580000)
  object space 90112K, 17% used [0x0000000080000000,0x0000000080f40be8,0x0000000085800000)
 Metaspace       used 34755K, capacity 36307K, committed 36568K, reserved 1081344K
  class space    used 4930K, capacity 5303K, committed 5376K, reserved 1048576K
}
Event: 10.575 GC heap before
{Heap before GC invocations=16 (full 2):
 PSYoungGen      total 331776K, used 319680K [0x00000000d5580000, 0x00000000ead00000, 0x0000000100000000)
  eden space 317440K, 100% used [0x00000000d5580000,0x00000000e8b80000,0x00000000e8b80000)
  from space 14336K, 15% used [0x00000000e8b80000,0x00000000e8db0010,0x00000000e9980000)
  to   space 14336K, 0% used [0x00000000e9980000,0x00000000e9980000,0x00000000ea780000)
 ParOldGen       total 90112K, used 15618K [0x0000000080000000, 0x0000000085800000, 0x00000000d5580000)
  object space 90112K, 17% used [0x0000000080000000,0x0000000080f40be8,0x0000000085800000)
 Metaspace       used 34756K, capacity 36307K, committed 36568K, reserved 1081344K
  class space    used 4930K, capacity 5303K, committed 5376K, reserved 1048576K
Event: 10.583 GC heap after
Heap after GC invocations=16 (full 2):
 PSYoungGen      total 332288K, used 2624K [0x00000000d5580000, 0x00000000ef080000, 0x0000000100000000)
  eden space 317952K, 0% used [0x00000000d5580000,0x00000000d5580000,0x00000000e8c00000)
  from space 14336K, 18% used [0x00000000e9980000,0x00000000e9c10010,0x00000000ea780000)
  to   space 13824K, 0% used [0x00000000e8c00000,0x00000000e8c00000,0x00000000e9980000)
 ParOldGen       total 90112K, used 15618K [0x0000000080000000, 0x0000000085800000, 0x00000000d5580000)
  object space 90112K, 17% used [0x0000000080000000,0x0000000080f40be8,0x0000000085800000)
 Metaspace       used 34756K, capacity 36307K, committed 36568K, reserved 1081344K
  class space    used 4930K, capacity 5303K, committed 5376K, reserved 1048576K
}

