# JRE version: OpenJDK Runtime Environment (11.0.10) (build 11.0.10+0-b96-7249189)
# Java VM: OpenJDK 64-Bit Server VM (11.0.10+0-b96-7249189, mixed mode, tiered, compressed oops, g1 gc, windows-amd64)
Heap:
 garbage-first heap   total 155648K, used 72614K [0x0000000080000000, 0x0000000100000000)
  region size 1024K, 23 young (23552K), 5 survivors (5120K)
 Metaspace       used 47732K, capacity 49005K, committed 49152K, reserved 1091584K
  class space    used 6157K, capacity 6627K, committed 6656K, reserved 1048576K
GC Heap History (20 events):
Event: 1.078 GC heap before
{Heap before GC invocations=0 (full 0):
 garbage-first heap   total 129024K, used 29696K [0x0000000080000000, 0x0000000100000000)
  region size 1024K, 24 young (24576K), 0 survivors (0K)
 Metaspace       used 9789K, capacity 9990K, committed 10112K, reserved 1058816K
  class space    used 1022K, capacity 1102K, committed 1152K, reserved 1048576K
}
Event: 1.085 GC heap after
{Heap after GC invocations=1 (full 0):
 garbage-first heap   total 129024K, used 8914K [0x0000000080000000, 0x0000000100000000)
  region size 1024K, 3 young (3072K), 3 survivors (3072K)
 Metaspace       used 9789K, capacity 9990K, committed 10112K, reserved 1058816K
  class space    used 1022K, capacity 1102K, committed 1152K, reserved 1048576K
}
Event: 3.434 GC heap before
{Heap before GC invocations=1 (full 0):
 garbage-first heap   total 129024K, used 83666K [0x0000000080000000, 0x0000000100000000)
  region size 1024K, 75 young (76800K), 3 survivors (3072K)
 Metaspace       used 17759K, capacity 18217K, committed 18432K, reserved 1064960K
  class space    used 2100K, capacity 2247K, committed 2304K, reserved 1048576K
}
Event: 3.512 GC heap after
{Heap after GC invocations=2 (full 0):
 garbage-first heap   total 129024K, used 15935K [0x0000000080000000, 0x0000000100000000)
  region size 1024K, 10 young (10240K), 10 survivors (10240K)
 Metaspace       used 17759K, capacity 18217K, committed 18432K, reserved 1064960K
  class space    used 2100K, capacity 2247K, committed 2304K, reserved 1048576K
}
Event: 4.018 GC heap before
{Heap before GC invocations=2 (full 0):
 garbage-first heap   total 129024K, used 38463K [0x0000000080000000, 0x0000000100000000)
  region size 1024K, 33 young (33792K), 10 survivors (10240K)
 Metaspace       used 20587K, capacity 21089K, committed 21248K, reserved 1067008K
  class space    used 2514K, capacity 2699K, committed 2816K, reserved 1048576K
}
Event: 4.026 GC heap after
{Heap after GC invocations=3 (full 0):
 garbage-first heap   total 129024K, used 16820K [0x0000000080000000, 0x0000000100000000)
  region size 1024K, 1 young (1024K), 1 survivors (1024K)
 Metaspace       used 20587K, capacity 21089K, committed 21248K, reserved 1067008K
  class space    used 2514K, capacity 2699K, committed 2816K, reserved 1048576K
}
Event: 4.797 GC heap before
{Heap before GC invocations=4 (full 0):
 garbage-first heap   total 129024K, used 66996K [0x0000000080000000, 0x0000000100000000)
  region size 1024K, 51 young (52224K), 1 survivors (1024K)
 Metaspace       used 25912K, capacity 26507K, committed 26752K, reserved 1073152K
  class space    used 3399K, capacity 3638K, committed 3712K, reserved 1048576K
}
Event: 4.802 GC heap after
{Heap after GC invocations=5 (full 0):
 garbage-first heap   total 129024K, used 18476K [0x0000000080000000, 0x0000000100000000)
  region size 1024K, 3 young (3072K), 3 survivors (3072K)
 Metaspace       used 25912K, capacity 26507K, committed 26752K, reserved 1073152K
  class space    used 3399K, capacity 3638K, committed 3712K, reserved 1048576K
}
Event: 5.500 GC heap before
{Heap before GC invocations=5 (full 0):
 garbage-first heap   total 129024K, used 85036K [0x0000000080000000, 0x0000000100000000)
  region size 1024K, 58 young (59392K), 3 survivors (3072K)
 Metaspace       used 31360K, capacity 32223K, committed 32512K, reserved 1077248K
  class space    used 4239K, capacity 4561K, committed 4608K, reserved 1048576K
}
Event: 5.505 GC heap after
{Heap after GC invocations=6 (full 0):
 garbage-first heap   total 129024K, used 33369K [0x0000000080000000, 0x0000000100000000)
  region size 1024K, 8 young (8192K), 8 survivors (8192K)
 Metaspace       used 31360K, capacity 32223K, committed 32512K, reserved 1077248K
  class space    used 4239K, capacity 4561K, committed 4608K, reserved 1048576K
}
Event: 5.731 GC heap before
{Heap before GC invocations=6 (full 0):
 garbage-first heap   total 129024K, used 41561K [0x0000000080000000, 0x0000000100000000)
  region size 1024K, 17 young (17408K), 8 survivors (8192K)
 Metaspace       used 34781K, capacity 35713K, committed 35840K, reserved 1081344K
  class space    used 4550K, capacity 4894K, committed 4992K, reserved 1048576K
}
Event: 5.741 GC heap after
{Heap after GC invocations=7 (full 0):
 garbage-first heap   total 129024K, used 35518K [0x0000000080000000, 0x0000000100000000)
  region size 1024K, 2 young (2048K), 2 survivors (2048K)
 Metaspace       used 34781K, capacity 35713K, committed 35840K, reserved 1081344K
  class space    used 4550K, capacity 4894K, committed 4992K, reserved 1048576K
}
Event: 6.454 GC heap before
{Heap before GC invocations=8 (full 0):
 garbage-first heap   total 129024K, used 92862K [0x0000000080000000, 0x0000000100000000)
  region size 1024K, 55 young (56320K), 2 survivors (2048K)
 Metaspace       used 39933K, capacity 41028K, committed 41216K, reserved 1085440K
  class space    used 5132K, capacity 5534K, committed 5632K, reserved 1048576K
}
Event: 6.458 GC heap after
{Heap after GC invocations=9 (full 0):
 garbage-first heap   total 129024K, used 39231K [0x0000000080000000, 0x0000000100000000)
  region size 1024K, 6 young (6144K), 6 survivors (6144K)
 Metaspace       used 39933K, capacity 41028K, committed 41216K, reserved 1085440K
  class space    used 5132K, capacity 5534K, committed 5632K, reserved 1048576K
}
Event: 7.414 GC heap before
{Heap before GC invocations=9 (full 0):
 garbage-first heap   total 129024K, used 97599K [0x0000000080000000, 0x0000000100000000)
  region size 1024K, 58 young (59392K), 6 survivors (6144K)
 Metaspace       used 44488K, capacity 45598K, committed 45696K, reserved 1089536K
  class space    used 5827K, capacity 6251K, committed 6272K, reserved 1048576K
}
Event: 7.422 GC heap after
{Heap after GC invocations=10 (full 0):
 garbage-first heap   total 129024K, used 47446K [0x0000000080000000, 0x0000000100000000)
  region size 1024K, 8 young (8192K), 8 survivors (8192K)
 Metaspace       used 44488K, capacity 45598K, committed 45696K, reserved 1089536K
  class space    used 5827K, capacity 6251K, committed 6272K, reserved 1048576K
}
Event: 7.712 GC heap before
{Heap before GC invocations=10 (full 0):
 garbage-first heap   total 129024K, used 96598K [0x0000000080000000, 0x0000000100000000)
  region size 1024K, 56 young (57344K), 8 survivors (8192K)
 Metaspace       used 44557K, capacity 45726K, committed 45952K, reserved 1089536K
  class space    used 5827K, capacity 6251K, committed 6272K, reserved 1048576K
}
Event: 7.721 GC heap after
{Heap after GC invocations=11 (full 0):
 garbage-first heap   total 129024K, used 48967K [0x0000000080000000, 0x0000000100000000)
  region size 1024K, 5 young (5120K), 5 survivors (5120K)
 Metaspace       used 44557K, capacity 45726K, committed 45952K, reserved 1089536K
  class space    used 5827K, capacity 6251K, committed 6272K, reserved 1048576K
}
Event: 8.814 GC heap before
{Heap before GC invocations=11 (full 0):
 garbage-first heap   total 129024K, used 103239K [0x0000000080000000, 0x0000000100000000)
  region size 1024K, 55 young (56320K), 5 survivors (5120K)
 Metaspace       used 47263K, capacity 48475K, committed 48640K, reserved 1091584K
  class space    used 6120K, capacity 6584K, committed 6656K, reserved 1048576K
}
Event: 8.822 GC heap after
{Heap after GC invocations=12 (full 0):
 garbage-first heap   total 155648K, used 55206K [0x0000000080000000, 0x0000000100000000)
  region size 1024K, 5 young (5120K), 5 survivors (5120K)
 Metaspace       used 47263K, capacity 48475K, committed 48640K, reserved 1091584K
  class space    used 6120K, capacity 6584K, committed 6656K, reserved 1048576K
}

