# JRE version: OpenJDK Runtime Environment (8.0_312-b07) (build 1.8.0_312-b07)
# Java VM: OpenJDK 64-Bit Server VM (25.312-b07 mixed mode windows-amd64 compressed oops)
Heap:
 PSYoungGen      total 342016K, used 70092K [0x00000000d5580000, 0x00000000eb180000, 0x0000000100000000)
  eden space 327680K, 19% used [0x00000000d5580000,0x00000000d94cfa08,0x00000000e9580000)
  from space 14336K, 36% used [0x00000000e9580000,0x00000000e9aa3968,0x00000000ea380000)
  to   space 13312K, 0% used [0x00000000ea480000,0x00000000ea480000,0x00000000eb180000)
 ParOldGen       total 88576K, used 15642K [0x0000000080000000, 0x0000000085680000, 0x00000000d5580000)
  object space 88576K, 17% used [0x0000000080000000,0x0000000080f46970,0x0000000085680000)
 Metaspace       used 34791K, capacity 36364K, committed 36568K, reserved 1081344K
  class space    used 4940K, capacity 5303K, committed 5376K, reserved 1048576K
GC Heap History (10 events):
Event: 10.838 GC heap before
{Heap before GC invocations=17 (full 2):
 PSYoungGen      total 340992K, used 330574K [0x00000000d5580000, 0x00000000eb180000, 0x0000000100000000)
  eden space 327680K, 100% used [0x00000000d5580000,0x00000000e9580000,0x00000000e9580000)
  from space 13312K, 21% used [0x00000000ea480000,0x00000000ea753848,0x00000000eb180000)
  to   space 14336K, 0% used [0x00000000e9580000,0x00000000e9580000,0x00000000ea380000)
 ParOldGen       total 88576K, used 15642K [0x0000000080000000, 0x0000000085680000, 0x00000000d5580000)
  object space 88576K, 17% used [0x0000000080000000,0x0000000080f46970,0x0000000085680000)
 Metaspace       used 34753K, capacity 36300K, committed 36568K, reserved 1081344K
  class space    used 4933K, capacity 5303K, committed 5376K, reserved 1048576K
Event: 10.842 GC heap after
Heap after GC invocations=17 (full 2):
 PSYoungGen      total 342016K, used 3104K [0x00000000d5580000, 0x00000000eb180000, 0x0000000100000000)
  eden space 327680K, 0% used [0x00000000d5580000,0x00000000d5580000,0x00000000e9580000)
  from space 14336K, 21% used [0x00000000e9580000,0x00000000e9888010,0x00000000ea380000)
  to   space 13312K, 0% used [0x00000000ea480000,0x00000000ea480000,0x00000000eb180000)
 ParOldGen       total 88576K, used 15642K [0x0000000080000000, 0x0000000085680000, 0x00000000d5580000)
  object space 88576K, 17% used [0x0000000080000000,0x0000000080f46970,0x0000000085680000)
 Metaspace       used 34753K, capacity 36300K, committed 36568K, reserved 1081344K
  class space    used 4933K, capacity 5303K, committed 5376K, reserved 1048576K
}
Event: 11.152 GC heap before
{Heap before GC invocations=18 (full 2):
 PSYoungGen      total 342016K, used 330784K [0x00000000d5580000, 0x00000000eb180000, 0x0000000100000000)
  eden space 327680K, 100% used [0x00000000d5580000,0x00000000e9580000,0x00000000e9580000)
  from space 14336K, 21% used [0x00000000e9580000,0x00000000e9888010,0x00000000ea380000)
  to   space 13312K, 0% used [0x00000000ea480000,0x00000000ea480000,0x00000000eb180000)
 ParOldGen       total 88576K, used 15642K [0x0000000080000000, 0x0000000085680000, 0x00000000d5580000)
  object space 88576K, 17% used [0x0000000080000000,0x0000000080f46970,0x0000000085680000)
 Metaspace       used 34753K, capacity 36300K, committed 36568K, reserved 1081344K
  class space    used 4933K, capacity 5303K, committed 5376K, reserved 1048576K
Event: 11.156 GC heap after
Heap after GC invocations=18 (full 2):
 PSYoungGen      total 340992K, used 3584K [0x00000000d5580000, 0x00000000eb180000, 0x0000000100000000)
  eden space 327680K, 0% used [0x00000000d5580000,0x00000000d5580000,0x00000000e9580000)
  from space 13312K, 26% used [0x00000000ea480000,0x00000000ea800010,0x00000000eb180000)
  to   space 14336K, 0% used [0x00000000e9580000,0x00000000e9580000,0x00000000ea380000)
 ParOldGen       total 88576K, used 15642K [0x0000000080000000, 0x0000000085680000, 0x00000000d5580000)
  object space 88576K, 17% used [0x0000000080000000,0x0000000080f46970,0x0000000085680000)
 Metaspace       used 34753K, capacity 36300K, committed 36568K, reserved 1081344K
  class space    used 4933K, capacity 5303K, committed 5376K, reserved 1048576K
}
Event: 11.480 GC heap before
{Heap before GC invocations=19 (full 2):
 PSYoungGen      total 340992K, used 331264K [0x00000000d5580000, 0x00000000eb180000, 0x0000000100000000)
  eden space 327680K, 100% used [0x00000000d5580000,0x00000000e9580000,0x00000000e9580000)
  from space 13312K, 26% used [0x00000000ea480000,0x00000000ea800010,0x00000000eb180000)
  to   space 14336K, 0% used [0x00000000e9580000,0x00000000e9580000,0x00000000ea380000)
 ParOldGen       total 88576K, used 15642K [0x0000000080000000, 0x0000000085680000, 0x00000000d5580000)
  object space 88576K, 17% used [0x0000000080000000,0x0000000080f46970,0x0000000085680000)
 Metaspace       used 34754K, capacity 36300K, committed 36568K, reserved 1081344K
  class space    used 4933K, capacity 5303K, committed 5376K, reserved 1048576K
Event: 11.491 GC heap after
Heap after GC invocations=19 (full 2):
 PSYoungGen      total 342016K, used 4217K [0x00000000d5580000, 0x00000000eb180000, 0x0000000100000000)
  eden space 327680K, 0% used [0x00000000d5580000,0x00000000d5580000,0x00000000e9580000)
  from space 14336K, 29% used [0x00000000e9580000,0x00000000e999e538,0x00000000ea380000)
  to   space 13312K, 0% used [0x00000000ea480000,0x00000000ea480000,0x00000000eb180000)
 ParOldGen       total 88576K, used 15642K [0x0000000080000000, 0x0000000085680000, 0x00000000d5580000)
  object space 88576K, 17% used [0x0000000080000000,0x0000000080f46970,0x0000000085680000)
 Metaspace       used 34754K, capacity 36300K, committed 36568K, reserved 1081344K
  class space    used 4933K, capacity 5303K, committed 5376K, reserved 1048576K
}
Event: 12.041 GC heap before
{Heap before GC invocations=20 (full 2):
 PSYoungGen      total 342016K, used 331897K [0x00000000d5580000, 0x00000000eb180000, 0x0000000100000000)
  eden space 327680K, 100% used [0x00000000d5580000,0x00000000e9580000,0x00000000e9580000)
  from space 14336K, 29% used [0x00000000e9580000,0x00000000e999e538,0x00000000ea380000)
  to   space 13312K, 0% used [0x00000000ea480000,0x00000000ea480000,0x00000000eb180000)
 ParOldGen       total 88576K, used 15642K [0x0000000080000000, 0x0000000085680000, 0x00000000d5580000)
  object space 88576K, 17% used [0x0000000080000000,0x0000000080f46970,0x0000000085680000)
 Metaspace       used 34754K, capacity 36300K, committed 36568K, reserved 1081344K
  class space    used 4933K, capacity 5303K, committed 5376K, reserved 1048576K
Event: 12.048 GC heap after
Heap after GC invocations=20 (full 2):
 PSYoungGen      total 340992K, used 4686K [0x00000000d5580000, 0x00000000eb180000, 0x0000000100000000)
  eden space 327680K, 0% used [0x00000000d5580000,0x00000000d5580000,0x00000000e9580000)
  from space 13312K, 35% used [0x00000000ea480000,0x00000000ea913ab0,0x00000000eb180000)
  to   space 14336K, 0% used [0x00000000e9580000,0x00000000e9580000,0x00000000ea380000)
 ParOldGen       total 88576K, used 15642K [0x0000000080000000, 0x0000000085680000, 0x00000000d5580000)
  object space 88576K, 17% used [0x0000000080000000,0x0000000080f46970,0x0000000085680000)
 Metaspace       used 34754K, capacity 36300K, committed 36568K, reserved 1081344K
  class space    used 4933K, capacity 5303K, committed 5376K, reserved 1048576K
}
Event: 12.630 GC heap before
{Heap before GC invocations=21 (full 2):
 PSYoungGen      total 340992K, used 332366K [0x00000000d5580000, 0x00000000eb180000, 0x0000000100000000)
  eden space 327680K, 100% used [0x00000000d5580000,0x00000000e9580000,0x00000000e9580000)
  from space 13312K, 35% used [0x00000000ea480000,0x00000000ea913ab0,0x00000000eb180000)
  to   space 14336K, 0% used [0x00000000e9580000,0x00000000e9580000,0x00000000ea380000)
 ParOldGen       total 88576K, used 15642K [0x0000000080000000, 0x0000000085680000, 0x00000000d5580000)
  object space 88576K, 17% used [0x0000000080000000,0x0000000080f46970,0x0000000085680000)
 Metaspace       used 34791K, capacity 36364K, committed 36568K, reserved 1081344K
  class space    used 4940K, capacity 5303K, committed 5376K, reserved 1048576K
Event: 12.638 GC heap after
Heap after GC invocations=21 (full 2):
 PSYoungGen      total 342016K, used 5262K [0x00000000d5580000, 0x00000000eb180000, 0x0000000100000000)
  eden space 327680K, 0% used [0x00000000d5580000,0x00000000d5580000,0x00000000e9580000)
  from space 14336K, 36% used [0x00000000e9580000,0x00000000e9aa3968,0x00000000ea380000)
  to   space 13312K, 0% used [0x00000000ea480000,0x00000000ea480000,0x00000000eb180000)
 ParOldGen       total 88576K, used 15642K [0x0000000080000000, 0x0000000085680000, 0x00000000d5580000)
  object space 88576K, 17% used [0x0000000080000000,0x0000000080f46970,0x0000000085680000)
 Metaspace       used 34791K, capacity 36364K, committed 36568K, reserved 1081344K
  class space    used 4940K, capacity 5303K, committed 5376K, reserved 1048576K
}

